Analysis & Synthesis report for sd_sad
Wed Aug 18 16:40:27 2021
Quartus Prime Version 20.1.1 Build 720 11/11/2020 SJ Lite Edition


---------------------
; Table of Contents ;
---------------------
  1. Legal Notice
  2. Analysis & Synthesis Summary
  3. Analysis & Synthesis Settings
  4. Parallel Compilation
  5. Analysis & Synthesis Source Files Read
  6. Analysis & Synthesis Resource Usage Summary
  7. Analysis & Synthesis Resource Utilization by Entity
  8. State Machine - |sd_sad|blococontrole_sad:bc|currentState
  9. General Register Statistics
 10. Multiplexer Restructuring Statistics (Restructuring Performed)
 11. Parameter Settings for User Entity Instance: Top-level Entity: |sd_sad
 12. Parameter Settings for User Entity Instance: blocooperativo_sad:bo
 13. Parameter Settings for User Entity Instance: blocooperativo_sad:bo|multiplexer2x1:mux0
 14. Parameter Settings for User Entity Instance: blocooperativo_sad:bo|registerN:reg_i
 15. Parameter Settings for User Entity Instance: blocooperativo_sad:bo|addersubtractor:adder0
 16. Parameter Settings for User Entity Instance: blocooperativo_sad:bo|registerN:reg_pA
 17. Parameter Settings for User Entity Instance: blocooperativo_sad:bo|registerN:reg_pB
 18. Parameter Settings for User Entity Instance: blocooperativo_sad:bo|addersubtractor:subtractor
 19. Parameter Settings for User Entity Instance: blocooperativo_sad:bo|absN:absoluto
 20. Parameter Settings for User Entity Instance: blocooperativo_sad:bo|addersubtractor:adder1
 21. Parameter Settings for User Entity Instance: blocooperativo_sad:bo|multiplexer2x1:mux1
 22. Parameter Settings for User Entity Instance: blocooperativo_sad:bo|registerN:soma
 23. Parameter Settings for User Entity Instance: blocooperativo_sad:bo|registerN:SAD_reg
 24. Port Connectivity Checks: "blocooperativo_sad:bo|multiplexer2x1:mux1"
 25. Port Connectivity Checks: "blocooperativo_sad:bo|addersubtractor:adder1|fulladder1bit:\gera:0:fa"
 26. Port Connectivity Checks: "blocooperativo_sad:bo|addersubtractor:adder1"
 27. Port Connectivity Checks: "blocooperativo_sad:bo|addersubtractor:subtractor|fulladder1bit:\gera:0:fa"
 28. Port Connectivity Checks: "blocooperativo_sad:bo|addersubtractor:subtractor"
 29. Port Connectivity Checks: "blocooperativo_sad:bo|addersubtractor:adder0|fulladder1bit:\gera:0:fa"
 30. Port Connectivity Checks: "blocooperativo_sad:bo|addersubtractor:adder0"
 31. Port Connectivity Checks: "blocooperativo_sad:bo|multiplexer2x1:mux0"
 32. Post-Synthesis Netlist Statistics for Top Partition
 33. Elapsed Time Per Partition
 34. Analysis & Synthesis Messages



----------------
; Legal Notice ;
----------------
Copyright (C) 2020  Intel Corporation. All rights reserved.
Your use of Intel Corporation's design tools, logic functions 
and other software and tools, and any partner logic 
functions, and any output files from any of the foregoing 
(including device programming or simulation files), and any 
associated documentation or information are expressly subject 
to the terms and conditions of the Intel Program License 
Subscription Agreement, the Intel Quartus Prime License Agreement,
the Intel FPGA IP License Agreement, or other applicable license
agreement, including, without limitation, that your use is for
the sole purpose of programming logic devices manufactured by
Intel and sold by Intel or its authorized distributors.  Please
refer to the applicable agreement for further details, at
https://fpgasoftware.intel.com/eula.



+----------------------------------------------------------------------------------+
; Analysis & Synthesis Summary                                                     ;
+------------------------------------+---------------------------------------------+
; Analysis & Synthesis Status        ; Successful - Wed Aug 18 16:40:27 2021       ;
; Quartus Prime Version              ; 20.1.1 Build 720 11/11/2020 SJ Lite Edition ;
; Revision Name                      ; sd_sad                                      ;
; Top-level Entity Name              ; sd_sad                                      ;
; Family                             ; Cyclone IV E                                ;
; Total logic elements               ; 105                                         ;
;     Total combinational functions  ; 74                                          ;
;     Dedicated logic registers      ; 57                                          ;
; Total registers                    ; 57                                          ;
; Total pins                         ; 41                                          ;
; Total virtual pins                 ; 0                                           ;
; Total memory bits                  ; 0                                           ;
; Embedded Multiplier 9-bit elements ; 0                                           ;
; Total PLLs                         ; 0                                           ;
+------------------------------------+---------------------------------------------+


+------------------------------------------------------------------------------------------------------------+
; Analysis & Synthesis Settings                                                                              ;
+------------------------------------------------------------------+--------------------+--------------------+
; Option                                                           ; Setting            ; Default Value      ;
+------------------------------------------------------------------+--------------------+--------------------+
; Top-level entity name                                            ; sd_sad             ; sd_sad             ;
; Family name                                                      ; Cyclone IV E       ; Cyclone V          ;
; Use smart compilation                                            ; Off                ; Off                ;
; Enable parallel Assembler and Timing Analyzer during compilation ; On                 ; On                 ;
; Enable compact report table                                      ; Off                ; Off                ;
; Restructure Multiplexers                                         ; Auto               ; Auto               ;
; Create Debugging Nodes for IP Cores                              ; Off                ; Off                ;
; Preserve fewer node names                                        ; On                 ; On                 ;
; Intel FPGA IP Evaluation Mode                                    ; Enable             ; Enable             ;
; Verilog Version                                                  ; Verilog_2001       ; Verilog_2001       ;
; VHDL Version                                                     ; VHDL_1993          ; VHDL_1993          ;
; State Machine Processing                                         ; Auto               ; Auto               ;
; Safe State Machine                                               ; Off                ; Off                ;
; Extract Verilog State Machines                                   ; On                 ; On                 ;
; Extract VHDL State Machines                                      ; On                 ; On                 ;
; Ignore Verilog initial constructs                                ; Off                ; Off                ;
; Iteration limit for constant Verilog loops                       ; 5000               ; 5000               ;
; Iteration limit for non-constant Verilog loops                   ; 250                ; 250                ;
; Add Pass-Through Logic to Inferred RAMs                          ; On                 ; On                 ;
; Infer RAMs from Raw Logic                                        ; On                 ; On                 ;
; Parallel Synthesis                                               ; On                 ; On                 ;
; DSP Block Balancing                                              ; Auto               ; Auto               ;
; NOT Gate Push-Back                                               ; On                 ; On                 ;
; Power-Up Don't Care                                              ; On                 ; On                 ;
; Remove Redundant Logic Cells                                     ; Off                ; Off                ;
; Remove Duplicate Registers                                       ; On                 ; On                 ;
; Ignore CARRY Buffers                                             ; Off                ; Off                ;
; Ignore CASCADE Buffers                                           ; Off                ; Off                ;
; Ignore GLOBAL Buffers                                            ; Off                ; Off                ;
; Ignore ROW GLOBAL Buffers                                        ; Off                ; Off                ;
; Ignore LCELL Buffers                                             ; Off                ; Off                ;
; Ignore SOFT Buffers                                              ; On                 ; On                 ;
; Limit AHDL Integers to 32 Bits                                   ; Off                ; Off                ;
; Optimization Technique                                           ; Balanced           ; Balanced           ;
; Carry Chain Length                                               ; 70                 ; 70                 ;
; Auto Carry Chains                                                ; On                 ; On                 ;
; Auto Open-Drain Pins                                             ; On                 ; On                 ;
; Perform WYSIWYG Primitive Resynthesis                            ; Off                ; Off                ;
; Auto ROM Replacement                                             ; On                 ; On                 ;
; Auto RAM Replacement                                             ; On                 ; On                 ;
; Auto DSP Block Replacement                                       ; On                 ; On                 ;
; Auto Shift Register Replacement                                  ; Auto               ; Auto               ;
; Allow Shift Register Merging across Hierarchies                  ; Auto               ; Auto               ;
; Auto Clock Enable Replacement                                    ; On                 ; On                 ;
; Strict RAM Replacement                                           ; Off                ; Off                ;
; Allow Synchronous Control Signals                                ; On                 ; On                 ;
; Force Use of Synchronous Clear Signals                           ; Off                ; Off                ;
; Auto RAM Block Balancing                                         ; On                 ; On                 ;
; Auto RAM to Logic Cell Conversion                                ; Off                ; Off                ;
; Auto Resource Sharing                                            ; Off                ; Off                ;
; Allow Any RAM Size For Recognition                               ; Off                ; Off                ;
; Allow Any ROM Size For Recognition                               ; Off                ; Off                ;
; Allow Any Shift Register Size For Recognition                    ; Off                ; Off                ;
; Use LogicLock Constraints during Resource Balancing              ; On                 ; On                 ;
; Ignore translate_off and synthesis_off directives                ; Off                ; Off                ;
; Timing-Driven Synthesis                                          ; On                 ; On                 ;
; Report Parameter Settings                                        ; On                 ; On                 ;
; Report Source Assignments                                        ; On                 ; On                 ;
; Report Connectivity Checks                                       ; On                 ; On                 ;
; Ignore Maximum Fan-Out Assignments                               ; Off                ; Off                ;
; Synchronization Register Chain Length                            ; 2                  ; 2                  ;
; Power Optimization During Synthesis                              ; Normal compilation ; Normal compilation ;
; HDL message level                                                ; Level2             ; Level2             ;
; Suppress Register Optimization Related Messages                  ; Off                ; Off                ;
; Number of Removed Registers Reported in Synthesis Report         ; 5000               ; 5000               ;
; Number of Swept Nodes Reported in Synthesis Report               ; 5000               ; 5000               ;
; Number of Inverted Registers Reported in Synthesis Report        ; 100                ; 100                ;
; Clock MUX Protection                                             ; On                 ; On                 ;
; Auto Gated Clock Conversion                                      ; Off                ; Off                ;
; Block Design Naming                                              ; Auto               ; Auto               ;
; SDC constraint protection                                        ; Off                ; Off                ;
; Synthesis Effort                                                 ; Auto               ; Auto               ;
; Shift Register Replacement - Allow Asynchronous Clear Signal     ; On                 ; On                 ;
; Pre-Mapping Resynthesis Optimization                             ; Off                ; Off                ;
; Analysis & Synthesis Message Level                               ; Medium             ; Medium             ;
; Disable Register Merging Across Hierarchies                      ; Auto               ; Auto               ;
; Resource Aware Inference For Block RAM                           ; On                 ; On                 ;
+------------------------------------------------------------------+--------------------+--------------------+


+------------------------------------------+
; Parallel Compilation                     ;
+----------------------------+-------------+
; Processors                 ; Number      ;
+----------------------------+-------------+
; Number detected on machine ; 8           ;
; Maximum allowed            ; 4           ;
;                            ;             ;
; Average used               ; 1.00        ;
; Maximum used               ; 4           ;
;                            ;             ;
; Usage by Processor         ; % Time Used ;
;     Processor 1            ; 100.0%      ;
;     Processor 2            ;   0.0%      ;
;     Processors 3-4         ;   0.0%      ;
+----------------------------+-------------+


+------------------------------------------------------------------------------------------------------------------------------------------+
; Analysis & Synthesis Source Files Read                                                                                                   ;
+----------------------------------+-----------------+-----------------+---------------------------------------------------------+---------+
; File Name with User-Entered Path ; Used in Netlist ; File Type       ; File Name with Absolute Path                            ; Library ;
+----------------------------------+-----------------+-----------------+---------------------------------------------------------+---------+
; sd_sad.vhd                       ; yes             ; User VHDL File  ; /home/rafael/Documents/qt/sd_sad/sd_sad.vhd             ;         ;
; registerN.vhd                    ; yes             ; User VHDL File  ; /home/rafael/Documents/qt/sd_sad/registerN.vhd          ;         ;
; multiplexer2x1.vhd               ; yes             ; User VHDL File  ; /home/rafael/Documents/qt/sd_sad/multiplexer2x1.vhd     ;         ;
; blocooperativo_sad.vhd           ; yes             ; User VHDL File  ; /home/rafael/Documents/qt/sd_sad/blocooperativo_sad.vhd ;         ;
; blococontrole_sad.vhd            ; yes             ; User VHDL File  ; /home/rafael/Documents/qt/sd_sad/blococontrole_sad.vhd  ;         ;
; addersubtractor.vhd              ; yes             ; User VHDL File  ; /home/rafael/Documents/qt/sd_sad/addersubtractor.vhd    ;         ;
; fulladder1bit.vhd                ; yes             ; User VHDL File  ; /home/rafael/Documents/qt/sd_sad/fulladder1bit.vhd      ;         ;
; absN.vhd                         ; yes             ; User VHDL File  ; /home/rafael/Documents/qt/sd_sad/absN.vhd               ;         ;
+----------------------------------+-----------------+-----------------+---------------------------------------------------------+---------+


+--------------------------------------------------------+
; Analysis & Synthesis Resource Usage Summary            ;
+---------------------------------------------+----------+
; Resource                                    ; Usage    ;
+---------------------------------------------+----------+
; Estimated Total logic elements              ; 105      ;
;                                             ;          ;
; Total combinational functions               ; 74       ;
; Logic element usage by number of LUT inputs ;          ;
;     -- 4 input functions                    ; 29       ;
;     -- 3 input functions                    ; 26       ;
;     -- <=2 input functions                  ; 19       ;
;                                             ;          ;
; Logic elements by mode                      ;          ;
;     -- normal mode                          ; 67       ;
;     -- arithmetic mode                      ; 7        ;
;                                             ;          ;
; Total registers                             ; 57       ;
;     -- Dedicated logic registers            ; 57       ;
;     -- I/O registers                        ; 0        ;
;                                             ;          ;
; I/O pins                                    ; 41       ;
;                                             ;          ;
; Embedded Multiplier 9-bit elements          ; 0        ;
;                                             ;          ;
; Maximum fan-out node                        ; ck~input ;
; Maximum fan-out                             ; 57       ;
; Total fan-out                               ; 534      ;
; Average fan-out                             ; 2.51     ;
+---------------------------------------------+----------+


+-----------------------------------------------------------------------------------------------------------------------------------------------------------------------------------------------------------------------------------------------------------------------------------------+
; Analysis & Synthesis Resource Utilization by Entity                                                                                                                                                                                                                                     ;
+--------------------------------------+---------------------+---------------------------+-------------+--------------+---------+-----------+------+--------------+-----------------------------------------------------------------------------------+--------------------+--------------+
; Compilation Hierarchy Node           ; Combinational ALUTs ; Dedicated Logic Registers ; Memory Bits ; DSP Elements ; DSP 9x9 ; DSP 18x18 ; Pins ; Virtual Pins ; Full Hierarchy Name                                                               ; Entity Name        ; Library Name ;
+--------------------------------------+---------------------+---------------------------+-------------+--------------+---------+-----------+------+--------------+-----------------------------------------------------------------------------------+--------------------+--------------+
; |sd_sad                              ; 74 (0)              ; 57 (0)                    ; 0           ; 0            ; 0       ; 0         ; 41   ; 0            ; |sd_sad                                                                           ; sd_sad             ; work         ;
;    |blococontrole_sad:bc|            ; 7 (7)               ; 6 (6)                     ; 0           ; 0            ; 0       ; 0         ; 0    ; 0            ; |sd_sad|blococontrole_sad:bc                                                      ; blococontrole_sad  ; work         ;
;    |blocooperativo_sad:bo|           ; 67 (0)              ; 51 (0)                    ; 0           ; 0            ; 0       ; 0         ; 0    ; 0            ; |sd_sad|blocooperativo_sad:bo                                                     ; blocooperativo_sad ; work         ;
;       |absN:absoluto|                ; 16 (16)             ; 0 (0)                     ; 0           ; 0            ; 0       ; 0         ; 0    ; 0            ; |sd_sad|blocooperativo_sad:bo|absN:absoluto                                       ; absN               ; work         ;
;       |addersubtractor:adder0|       ; 7 (0)               ; 0 (0)                     ; 0           ; 0            ; 0       ; 0         ; 0    ; 0            ; |sd_sad|blocooperativo_sad:bo|addersubtractor:adder0                              ; addersubtractor    ; work         ;
;          |fulladder1bit:\gera:1:fa|  ; 1 (1)               ; 0 (0)                     ; 0           ; 0            ; 0       ; 0         ; 0    ; 0            ; |sd_sad|blocooperativo_sad:bo|addersubtractor:adder0|fulladder1bit:\gera:1:fa     ; fulladder1bit      ; work         ;
;          |fulladder1bit:\gera:2:fa|  ; 1 (1)               ; 0 (0)                     ; 0           ; 0            ; 0       ; 0         ; 0    ; 0            ; |sd_sad|blocooperativo_sad:bo|addersubtractor:adder0|fulladder1bit:\gera:2:fa     ; fulladder1bit      ; work         ;
;          |fulladder1bit:\gera:3:fa|  ; 2 (2)               ; 0 (0)                     ; 0           ; 0            ; 0       ; 0         ; 0    ; 0            ; |sd_sad|blocooperativo_sad:bo|addersubtractor:adder0|fulladder1bit:\gera:3:fa     ; fulladder1bit      ; work         ;
;          |fulladder1bit:\gera:4:fa|  ; 1 (1)               ; 0 (0)                     ; 0           ; 0            ; 0       ; 0         ; 0    ; 0            ; |sd_sad|blocooperativo_sad:bo|addersubtractor:adder0|fulladder1bit:\gera:4:fa     ; fulladder1bit      ; work         ;
;          |fulladder1bit:\gera:5:fa|  ; 2 (2)               ; 0 (0)                     ; 0           ; 0            ; 0       ; 0         ; 0    ; 0            ; |sd_sad|blocooperativo_sad:bo|addersubtractor:adder0|fulladder1bit:\gera:5:fa     ; fulladder1bit      ; work         ;
;       |addersubtractor:adder1|       ; 28 (0)              ; 0 (0)                     ; 0           ; 0            ; 0       ; 0         ; 0    ; 0            ; |sd_sad|blocooperativo_sad:bo|addersubtractor:adder1                              ; addersubtractor    ; work         ;
;          |fulladder1bit:\gera:0:fa|  ; 1 (1)               ; 0 (0)                     ; 0           ; 0            ; 0       ; 0         ; 0    ; 0            ; |sd_sad|blocooperativo_sad:bo|addersubtractor:adder1|fulladder1bit:\gera:0:fa     ; fulladder1bit      ; work         ;
;          |fulladder1bit:\gera:10:fa| ; 2 (2)               ; 0 (0)                     ; 0           ; 0            ; 0       ; 0         ; 0    ; 0            ; |sd_sad|blocooperativo_sad:bo|addersubtractor:adder1|fulladder1bit:\gera:10:fa    ; fulladder1bit      ; work         ;
;          |fulladder1bit:\gera:11:fa| ; 1 (1)               ; 0 (0)                     ; 0           ; 0            ; 0       ; 0         ; 0    ; 0            ; |sd_sad|blocooperativo_sad:bo|addersubtractor:adder1|fulladder1bit:\gera:11:fa    ; fulladder1bit      ; work         ;
;          |fulladder1bit:\gera:12:fa| ; 1 (1)               ; 0 (0)                     ; 0           ; 0            ; 0       ; 0         ; 0    ; 0            ; |sd_sad|blocooperativo_sad:bo|addersubtractor:adder1|fulladder1bit:\gera:12:fa    ; fulladder1bit      ; work         ;
;          |fulladder1bit:\gera:13:fa| ; 1 (1)               ; 0 (0)                     ; 0           ; 0            ; 0       ; 0         ; 0    ; 0            ; |sd_sad|blocooperativo_sad:bo|addersubtractor:adder1|fulladder1bit:\gera:13:fa    ; fulladder1bit      ; work         ;
;          |fulladder1bit:\gera:1:fa|  ; 5 (5)               ; 0 (0)                     ; 0           ; 0            ; 0       ; 0         ; 0    ; 0            ; |sd_sad|blocooperativo_sad:bo|addersubtractor:adder1|fulladder1bit:\gera:1:fa     ; fulladder1bit      ; work         ;
;          |fulladder1bit:\gera:2:fa|  ; 3 (3)               ; 0 (0)                     ; 0           ; 0            ; 0       ; 0         ; 0    ; 0            ; |sd_sad|blocooperativo_sad:bo|addersubtractor:adder1|fulladder1bit:\gera:2:fa     ; fulladder1bit      ; work         ;
;          |fulladder1bit:\gera:3:fa|  ; 2 (2)               ; 0 (0)                     ; 0           ; 0            ; 0       ; 0         ; 0    ; 0            ; |sd_sad|blocooperativo_sad:bo|addersubtractor:adder1|fulladder1bit:\gera:3:fa     ; fulladder1bit      ; work         ;
;          |fulladder1bit:\gera:4:fa|  ; 3 (3)               ; 0 (0)                     ; 0           ; 0            ; 0       ; 0         ; 0    ; 0            ; |sd_sad|blocooperativo_sad:bo|addersubtractor:adder1|fulladder1bit:\gera:4:fa     ; fulladder1bit      ; work         ;
;          |fulladder1bit:\gera:5:fa|  ; 2 (2)               ; 0 (0)                     ; 0           ; 0            ; 0       ; 0         ; 0    ; 0            ; |sd_sad|blocooperativo_sad:bo|addersubtractor:adder1|fulladder1bit:\gera:5:fa     ; fulladder1bit      ; work         ;
;          |fulladder1bit:\gera:6:fa|  ; 3 (3)               ; 0 (0)                     ; 0           ; 0            ; 0       ; 0         ; 0    ; 0            ; |sd_sad|blocooperativo_sad:bo|addersubtractor:adder1|fulladder1bit:\gera:6:fa     ; fulladder1bit      ; work         ;
;          |fulladder1bit:\gera:7:fa|  ; 2 (2)               ; 0 (0)                     ; 0           ; 0            ; 0       ; 0         ; 0    ; 0            ; |sd_sad|blocooperativo_sad:bo|addersubtractor:adder1|fulladder1bit:\gera:7:fa     ; fulladder1bit      ; work         ;
;          |fulladder1bit:\gera:8:fa|  ; 1 (1)               ; 0 (0)                     ; 0           ; 0            ; 0       ; 0         ; 0    ; 0            ; |sd_sad|blocooperativo_sad:bo|addersubtractor:adder1|fulladder1bit:\gera:8:fa     ; fulladder1bit      ; work         ;
;          |fulladder1bit:\gera:9:fa|  ; 1 (1)               ; 0 (0)                     ; 0           ; 0            ; 0       ; 0         ; 0    ; 0            ; |sd_sad|blocooperativo_sad:bo|addersubtractor:adder1|fulladder1bit:\gera:9:fa     ; fulladder1bit      ; work         ;
;       |addersubtractor:subtractor|   ; 15 (0)              ; 0 (0)                     ; 0           ; 0            ; 0       ; 0         ; 0    ; 0            ; |sd_sad|blocooperativo_sad:bo|addersubtractor:subtractor                          ; addersubtractor    ; work         ;
;          |fulladder1bit:\gera:1:fa|  ; 2 (2)               ; 0 (0)                     ; 0           ; 0            ; 0       ; 0         ; 0    ; 0            ; |sd_sad|blocooperativo_sad:bo|addersubtractor:subtractor|fulladder1bit:\gera:1:fa ; fulladder1bit      ; work         ;
;          |fulladder1bit:\gera:2:fa|  ; 2 (2)               ; 0 (0)                     ; 0           ; 0            ; 0       ; 0         ; 0    ; 0            ; |sd_sad|blocooperativo_sad:bo|addersubtractor:subtractor|fulladder1bit:\gera:2:fa ; fulladder1bit      ; work         ;
;          |fulladder1bit:\gera:3:fa|  ; 1 (1)               ; 0 (0)                     ; 0           ; 0            ; 0       ; 0         ; 0    ; 0            ; |sd_sad|blocooperativo_sad:bo|addersubtractor:subtractor|fulladder1bit:\gera:3:fa ; fulladder1bit      ; work         ;
;          |fulladder1bit:\gera:4:fa|  ; 5 (5)               ; 0 (0)                     ; 0           ; 0            ; 0       ; 0         ; 0    ; 0            ; |sd_sad|blocooperativo_sad:bo|addersubtractor:subtractor|fulladder1bit:\gera:4:fa ; fulladder1bit      ; work         ;
;          |fulladder1bit:\gera:5:fa|  ; 2 (2)               ; 0 (0)                     ; 0           ; 0            ; 0       ; 0         ; 0    ; 0            ; |sd_sad|blocooperativo_sad:bo|addersubtractor:subtractor|fulladder1bit:\gera:5:fa ; fulladder1bit      ; work         ;
;          |fulladder1bit:\gera:6:fa|  ; 1 (1)               ; 0 (0)                     ; 0           ; 0            ; 0       ; 0         ; 0    ; 0            ; |sd_sad|blocooperativo_sad:bo|addersubtractor:subtractor|fulladder1bit:\gera:6:fa ; fulladder1bit      ; work         ;
;          |fulladder1bit:\gera:7:fa|  ; 2 (2)               ; 0 (0)                     ; 0           ; 0            ; 0       ; 0         ; 0    ; 0            ; |sd_sad|blocooperativo_sad:bo|addersubtractor:subtractor|fulladder1bit:\gera:7:fa ; fulladder1bit      ; work         ;
;       |registerN:SAD_reg|            ; 0 (0)               ; 14 (14)                   ; 0           ; 0            ; 0       ; 0         ; 0    ; 0            ; |sd_sad|blocooperativo_sad:bo|registerN:SAD_reg                                   ; registerN          ; work         ;
;       |registerN:reg_i|              ; 1 (1)               ; 7 (7)                     ; 0           ; 0            ; 0       ; 0         ; 0    ; 0            ; |sd_sad|blocooperativo_sad:bo|registerN:reg_i                                     ; registerN          ; work         ;
;       |registerN:reg_pA|             ; 0 (0)               ; 8 (8)                     ; 0           ; 0            ; 0       ; 0         ; 0    ; 0            ; |sd_sad|blocooperativo_sad:bo|registerN:reg_pA                                    ; registerN          ; work         ;
;       |registerN:reg_pB|             ; 0 (0)               ; 8 (8)                     ; 0           ; 0            ; 0       ; 0         ; 0    ; 0            ; |sd_sad|blocooperativo_sad:bo|registerN:reg_pB                                    ; registerN          ; work         ;
;       |registerN:soma|               ; 0 (0)               ; 14 (14)                   ; 0           ; 0            ; 0       ; 0         ; 0    ; 0            ; |sd_sad|blocooperativo_sad:bo|registerN:soma                                      ; registerN          ; work         ;
+--------------------------------------+---------------------+---------------------------+-------------+--------------+---------+-----------+------+--------------+-----------------------------------------------------------------------------------+--------------------+--------------+
Note: For table entries with two numbers listed, the numbers in parentheses indicate the number of resources of the given type used by the specific entity alone. The numbers listed outside of parentheses indicate the total resources of the given type used by the specific entity and all of its sub-entities in the hierarchy.


Encoding Type:  One-Hot
+-----------------------------------------------------------------------------------------------------------------------------+
; State Machine - |sd_sad|blococontrole_sad:bc|currentState                                                                   ;
+-----------------+-----------------+-----------------+-----------------+-----------------+-----------------+-----------------+
; Name            ; currentState.s5 ; currentState.s4 ; currentState.s3 ; currentState.s2 ; currentState.s1 ; currentState.s0 ;
+-----------------+-----------------+-----------------+-----------------+-----------------+-----------------+-----------------+
; currentState.s0 ; 0               ; 0               ; 0               ; 0               ; 0               ; 0               ;
; currentState.s1 ; 0               ; 0               ; 0               ; 0               ; 1               ; 1               ;
; currentState.s2 ; 0               ; 0               ; 0               ; 1               ; 0               ; 1               ;
; currentState.s3 ; 0               ; 0               ; 1               ; 0               ; 0               ; 1               ;
; currentState.s4 ; 0               ; 1               ; 0               ; 0               ; 0               ; 1               ;
; currentState.s5 ; 1               ; 0               ; 0               ; 0               ; 0               ; 1               ;
+-----------------+-----------------+-----------------+-----------------+-----------------+-----------------+-----------------+


+------------------------------------------------------+
; General Register Statistics                          ;
+----------------------------------------------+-------+
; Statistic                                    ; Value ;
+----------------------------------------------+-------+
; Total registers                              ; 57    ;
; Number of registers using Synchronous Clear  ; 20    ;
; Number of registers using Synchronous Load   ; 0     ;
; Number of registers using Asynchronous Clear ; 57    ;
; Number of registers using Asynchronous Load  ; 0     ;
; Number of registers using Clock Enable       ; 50    ;
; Number of registers using Preset             ; 0     ;
+----------------------------------------------+-------+


+---------------------------------------------------------------------------------------------------------------------------------------------------------+
; Multiplexer Restructuring Statistics (Restructuring Performed)                                                                                          ;
+--------------------+-----------+---------------+----------------------+------------------------+------------+-------------------------------------------+
; Multiplexer Inputs ; Bus Width ; Baseline Area ; Area if Restructured ; Saving if Restructured ; Registered ; Example Multiplexer Output                ;
+--------------------+-----------+---------------+----------------------+------------------------+------------+-------------------------------------------+
; 5:1                ; 2 bits    ; 6 LEs         ; 2 LEs                ; 4 LEs                  ; No         ; |sd_sad|blococontrole_sad:bc|nextState.s5 ;
+--------------------+-----------+---------------+----------------------+------------------------+------------+-------------------------------------------+


+------------------------------------------------------------------------+
; Parameter Settings for User Entity Instance: Top-level Entity: |sd_sad ;
+----------------+-------+-----------------------------------------------+
; Parameter Name ; Value ; Type                                          ;
+----------------+-------+-----------------------------------------------+
; datawidth      ; 8     ; Signed Integer                                ;
; addresswidth   ; 6     ; Signed Integer                                ;
+----------------+-------+-----------------------------------------------+
Note: In order to hide this table in the UI and the text report file, please set the "Show Parameter Settings in Synthesis Report" option in "Analysis and Synthesis Settings -> More Settings" to "Off".


+--------------------------------------------------------------------+
; Parameter Settings for User Entity Instance: blocooperativo_sad:bo ;
+----------------+-------+-------------------------------------------+
; Parameter Name ; Value ; Type                                      ;
+----------------+-------+-------------------------------------------+
; datawidth      ; 8     ; Signed Integer                            ;
; addresswidth   ; 6     ; Signed Integer                            ;
+----------------+-------+-------------------------------------------+
Note: In order to hide this table in the UI and the text report file, please set the "Show Parameter Settings in Synthesis Report" option in "Analysis and Synthesis Settings -> More Settings" to "Off".


+----------------------------------------------------------------------------------------+
; Parameter Settings for User Entity Instance: blocooperativo_sad:bo|multiplexer2x1:mux0 ;
+----------------+-------+---------------------------------------------------------------+
; Parameter Name ; Value ; Type                                                          ;
+----------------+-------+---------------------------------------------------------------+
; width          ; 7     ; Signed Integer                                                ;
+----------------+-------+---------------------------------------------------------------+
Note: In order to hide this table in the UI and the text report file, please set the "Show Parameter Settings in Synthesis Report" option in "Analysis and Synthesis Settings -> More Settings" to "Off".


+------------------------------------------------------------------------------------+
; Parameter Settings for User Entity Instance: blocooperativo_sad:bo|registerN:reg_i ;
+----------------+-------+-----------------------------------------------------------+
; Parameter Name ; Value ; Type                                                      ;
+----------------+-------+-----------------------------------------------------------+
; width          ; 7     ; Signed Integer                                            ;
; resetvalue     ; 0     ; Signed Integer                                            ;
+----------------+-------+-----------------------------------------------------------+
Note: In order to hide this table in the UI and the text report file, please set the "Show Parameter Settings in Synthesis Report" option in "Analysis and Synthesis Settings -> More Settings" to "Off".


+-------------------------------------------------------------------------------------------+
; Parameter Settings for User Entity Instance: blocooperativo_sad:bo|addersubtractor:adder0 ;
+----------------+-------+------------------------------------------------------------------+
; Parameter Name ; Value ; Type                                                             ;
+----------------+-------+------------------------------------------------------------------+
; n              ; 6     ; Signed Integer                                                   ;
; isadder        ; true  ; Enumerated                                                       ;
; issubtractor   ; false ; Enumerated                                                       ;
+----------------+-------+------------------------------------------------------------------+
Note: In order to hide this table in the UI and the text report file, please set the "Show Parameter Settings in Synthesis Report" option in "Analysis and Synthesis Settings -> More Settings" to "Off".


+-------------------------------------------------------------------------------------+
; Parameter Settings for User Entity Instance: blocooperativo_sad:bo|registerN:reg_pA ;
+----------------+-------+------------------------------------------------------------+
; Parameter Name ; Value ; Type                                                       ;
+----------------+-------+------------------------------------------------------------+
; width          ; 8     ; Signed Integer                                             ;
; resetvalue     ; 0     ; Signed Integer                                             ;
+----------------+-------+------------------------------------------------------------+
Note: In order to hide this table in the UI and the text report file, please set the "Show Parameter Settings in Synthesis Report" option in "Analysis and Synthesis Settings -> More Settings" to "Off".


+-------------------------------------------------------------------------------------+
; Parameter Settings for User Entity Instance: blocooperativo_sad:bo|registerN:reg_pB ;
+----------------+-------+------------------------------------------------------------+
; Parameter Name ; Value ; Type                                                       ;
+----------------+-------+------------------------------------------------------------+
; width          ; 8     ; Signed Integer                                             ;
; resetvalue     ; 0     ; Signed Integer                                             ;
+----------------+-------+------------------------------------------------------------+
Note: In order to hide this table in the UI and the text report file, please set the "Show Parameter Settings in Synthesis Report" option in "Analysis and Synthesis Settings -> More Settings" to "Off".


+-----------------------------------------------------------------------------------------------+
; Parameter Settings for User Entity Instance: blocooperativo_sad:bo|addersubtractor:subtractor ;
+----------------+-------+----------------------------------------------------------------------+
; Parameter Name ; Value ; Type                                                                 ;
+----------------+-------+----------------------------------------------------------------------+
; n              ; 8     ; Signed Integer                                                       ;
; isadder        ; false ; Enumerated                                                           ;
; issubtractor   ; true  ; Enumerated                                                           ;
+----------------+-------+----------------------------------------------------------------------+
Note: In order to hide this table in the UI and the text report file, please set the "Show Parameter Settings in Synthesis Report" option in "Analysis and Synthesis Settings -> More Settings" to "Off".


+----------------------------------------------------------------------------------+
; Parameter Settings for User Entity Instance: blocooperativo_sad:bo|absN:absoluto ;
+----------------+-------+---------------------------------------------------------+
; Parameter Name ; Value ; Type                                                    ;
+----------------+-------+---------------------------------------------------------+
; width          ; 8     ; Signed Integer                                          ;
+----------------+-------+---------------------------------------------------------+
Note: In order to hide this table in the UI and the text report file, please set the "Show Parameter Settings in Synthesis Report" option in "Analysis and Synthesis Settings -> More Settings" to "Off".


+-------------------------------------------------------------------------------------------+
; Parameter Settings for User Entity Instance: blocooperativo_sad:bo|addersubtractor:adder1 ;
+----------------+-------+------------------------------------------------------------------+
; Parameter Name ; Value ; Type                                                             ;
+----------------+-------+------------------------------------------------------------------+
; n              ; 14    ; Signed Integer                                                   ;
; isadder        ; true  ; Enumerated                                                       ;
; issubtractor   ; false ; Enumerated                                                       ;
+----------------+-------+------------------------------------------------------------------+
Note: In order to hide this table in the UI and the text report file, please set the "Show Parameter Settings in Synthesis Report" option in "Analysis and Synthesis Settings -> More Settings" to "Off".


+----------------------------------------------------------------------------------------+
; Parameter Settings for User Entity Instance: blocooperativo_sad:bo|multiplexer2x1:mux1 ;
+----------------+-------+---------------------------------------------------------------+
; Parameter Name ; Value ; Type                                                          ;
+----------------+-------+---------------------------------------------------------------+
; width          ; 14    ; Signed Integer                                                ;
+----------------+-------+---------------------------------------------------------------+
Note: In order to hide this table in the UI and the text report file, please set the "Show Parameter Settings in Synthesis Report" option in "Analysis and Synthesis Settings -> More Settings" to "Off".


+-----------------------------------------------------------------------------------+
; Parameter Settings for User Entity Instance: blocooperativo_sad:bo|registerN:soma ;
+----------------+-------+----------------------------------------------------------+
; Parameter Name ; Value ; Type                                                     ;
+----------------+-------+----------------------------------------------------------+
; width          ; 14    ; Signed Integer                                           ;
; resetvalue     ; 0     ; Signed Integer                                           ;
+----------------+-------+----------------------------------------------------------+
Note: In order to hide this table in the UI and the text report file, please set the "Show Parameter Settings in Synthesis Report" option in "Analysis and Synthesis Settings -> More Settings" to "Off".


+--------------------------------------------------------------------------------------+
; Parameter Settings for User Entity Instance: blocooperativo_sad:bo|registerN:SAD_reg ;
+----------------+-------+-------------------------------------------------------------+
; Parameter Name ; Value ; Type                                                        ;
+----------------+-------+-------------------------------------------------------------+
; width          ; 14    ; Signed Integer                                              ;
; resetvalue     ; 0     ; Signed Integer                                              ;
+----------------+-------+-------------------------------------------------------------+
Note: In order to hide this table in the UI and the text report file, please set the "Show Parameter Settings in Synthesis Report" option in "Analysis and Synthesis Settings -> More Settings" to "Off".


+-----------------------------------------------------------------------+
; Port Connectivity Checks: "blocooperativo_sad:bo|multiplexer2x1:mux1" ;
+--------+-------+----------+-------------------------------------------+
; Port   ; Type  ; Severity ; Details                                   ;
+--------+-------+----------+-------------------------------------------+
; input1 ; Input ; Info     ; Stuck at GND                              ;
+--------+-------+----------+-------------------------------------------+


+---------------------------------------------------------------------------------------------------+
; Port Connectivity Checks: "blocooperativo_sad:bo|addersubtractor:adder1|fulladder1bit:\gera:0:fa" ;
+------+-------+----------+-------------------------------------------------------------------------+
; Port ; Type  ; Severity ; Details                                                                 ;
+------+-------+----------+-------------------------------------------------------------------------+
; cin  ; Input ; Info     ; Stuck at GND                                                            ;
+------+-------+----------+-------------------------------------------------------------------------+


+--------------------------------------------------------------------------------------------------------------------+
; Port Connectivity Checks: "blocooperativo_sad:bo|addersubtractor:adder1"                                           ;
+----------+--------+----------+-------------------------------------------------------------------------------------+
; Port     ; Type   ; Severity ; Details                                                                             ;
+----------+--------+----------+-------------------------------------------------------------------------------------+
; op       ; Input  ; Info     ; Stuck at GND                                                                        ;
; b[13..8] ; Input  ; Info     ; Stuck at GND                                                                        ;
; ovf      ; Output ; Info     ; Connected to dangling logic. Logic that only feeds a dangling port will be removed. ;
; cout     ; Output ; Info     ; Connected to dangling logic. Logic that only feeds a dangling port will be removed. ;
+----------+--------+----------+-------------------------------------------------------------------------------------+


+-------------------------------------------------------------------------------------------------------+
; Port Connectivity Checks: "blocooperativo_sad:bo|addersubtractor:subtractor|fulladder1bit:\gera:0:fa" ;
+------+-------+----------+-----------------------------------------------------------------------------+
; Port ; Type  ; Severity ; Details                                                                     ;
+------+-------+----------+-----------------------------------------------------------------------------+
; cin  ; Input ; Info     ; Stuck at VCC                                                                ;
+------+-------+----------+-----------------------------------------------------------------------------+


+----------------------------------------------------------------------------------------------------------------+
; Port Connectivity Checks: "blocooperativo_sad:bo|addersubtractor:subtractor"                                   ;
+------+--------+----------+-------------------------------------------------------------------------------------+
; Port ; Type   ; Severity ; Details                                                                             ;
+------+--------+----------+-------------------------------------------------------------------------------------+
; op   ; Input  ; Info     ; Stuck at VCC                                                                        ;
; ovf  ; Output ; Info     ; Connected to dangling logic. Logic that only feeds a dangling port will be removed. ;
; cout ; Output ; Info     ; Connected to dangling logic. Logic that only feeds a dangling port will be removed. ;
+------+--------+----------+-------------------------------------------------------------------------------------+


+---------------------------------------------------------------------------------------------------+
; Port Connectivity Checks: "blocooperativo_sad:bo|addersubtractor:adder0|fulladder1bit:\gera:0:fa" ;
+------+-------+----------+-------------------------------------------------------------------------+
; Port ; Type  ; Severity ; Details                                                                 ;
+------+-------+----------+-------------------------------------------------------------------------+
; cin  ; Input ; Info     ; Stuck at GND                                                            ;
+------+-------+----------+-------------------------------------------------------------------------+


+-------------------------------------------------------------------------------------------------------------------+
; Port Connectivity Checks: "blocooperativo_sad:bo|addersubtractor:adder0"                                          ;
+---------+--------+----------+-------------------------------------------------------------------------------------+
; Port    ; Type   ; Severity ; Details                                                                             ;
+---------+--------+----------+-------------------------------------------------------------------------------------+
; op      ; Input  ; Info     ; Stuck at GND                                                                        ;
; b[5..1] ; Input  ; Info     ; Stuck at GND                                                                        ;
; b[0]    ; Input  ; Info     ; Stuck at VCC                                                                        ;
; ovf     ; Output ; Info     ; Connected to dangling logic. Logic that only feeds a dangling port will be removed. ;
+---------+--------+----------+-------------------------------------------------------------------------------------+


+-----------------------------------------------------------------------+
; Port Connectivity Checks: "blocooperativo_sad:bo|multiplexer2x1:mux0" ;
+--------+-------+----------+-------------------------------------------+
; Port   ; Type  ; Severity ; Details                                   ;
+--------+-------+----------+-------------------------------------------+
; input1 ; Input ; Info     ; Stuck at GND                              ;
+--------+-------+----------+-------------------------------------------+


+-----------------------------------------------------+
; Post-Synthesis Netlist Statistics for Top Partition ;
+-----------------------+-----------------------------+
; Type                  ; Count                       ;
+-----------------------+-----------------------------+
; boundary_port         ; 41                          ;
; cycloneiii_ff         ; 57                          ;
;     CLR               ; 7                           ;
;     ENA CLR           ; 30                          ;
;     ENA CLR SCLR      ; 20                          ;
; cycloneiii_lcell_comb ; 76                          ;
;     arith             ; 7                           ;
;         2 data inputs ; 6                           ;
;         3 data inputs ; 1                           ;
;     normal            ; 69                          ;
;         0 data inputs ; 1                           ;
;         1 data inputs ; 2                           ;
;         2 data inputs ; 12                          ;
;         3 data inputs ; 25                          ;
;         4 data inputs ; 29                          ;
;                       ;                             ;
; Max LUT depth         ; 14.00                       ;
; Average LUT depth     ; 6.72                        ;
+-----------------------+-----------------------------+


+-------------------------------+
; Elapsed Time Per Partition    ;
+----------------+--------------+
; Partition Name ; Elapsed Time ;
+----------------+--------------+
; Top            ; 00:00:00     ;
+----------------+--------------+


+-------------------------------+
; Analysis & Synthesis Messages ;
+-------------------------------+
Info: *******************************************************************
Info: Running Quartus Prime Analysis & Synthesis
    Info: Version 20.1.1 Build 720 11/11/2020 SJ Lite Edition
    Info: Processing started: Wed Aug 18 16:40:18 2021
Info: Command: quartus_map --read_settings_files=on --write_settings_files=off sd_sad -c sd_sad
Warning (18236): Number of processors has not been specified which may cause overloading on shared machines.  Set the global assignment NUM_PARALLEL_PROCESSORS in your QSF to an appropriate value for best performance.
Info (20030): Parallel compilation is enabled and will use 4 of the 4 processors detected
Info (12021): Found 2 design units, including 1 entities, in source file sd_sad.vhd
    Info (12022): Found design unit 1: sd_sad-archstruct File: /home/rafael/Documents/qt/sd_sad/sd_sad.vhd Line: 20
    Info (12023): Found entity 1: sd_sad File: /home/rafael/Documents/qt/sd_sad/sd_sad.vhd Line: 4
Info (12021): Found 2 design units, including 1 entities, in source file registerN.vhd
    Info (12022): Found design unit 1: registerN-behav0 File: /home/rafael/Documents/qt/sd_sad/registerN.vhd Line: 15
    Info (12023): Found entity 1: registerN File: /home/rafael/Documents/qt/sd_sad/registerN.vhd Line: 5
Info (12021): Found 2 design units, including 1 entities, in source file multiplexer2x1.vhd
    Info (12022): Found design unit 1: multiplexer2x1-behav0 File: /home/rafael/Documents/qt/sd_sad/multiplexer2x1.vhd Line: 11
    Info (12023): Found entity 1: multiplexer2x1 File: /home/rafael/Documents/qt/sd_sad/multiplexer2x1.vhd Line: 4
Info (12021): Found 2 design units, including 1 entities, in source file compare.vhd
    Info (12022): Found design unit 1: compare-behav0 File: /home/rafael/Documents/qt/sd_sad/compare.vhd Line: 14
    Info (12023): Found entity 1: compare File: /home/rafael/Documents/qt/sd_sad/compare.vhd Line: 5
Info (12021): Found 2 design units, including 1 entities, in source file blocooperativo_sad.vhd
    Info (12022): Found design unit 1: blocooperativo_sad-archstruct File: /home/rafael/Documents/qt/sd_sad/blocooperativo_sad.vhd Line: 20
    Info (12023): Found entity 1: blocooperativo_sad File: /home/rafael/Documents/qt/sd_sad/blocooperativo_sad.vhd Line: 4
Info (12021): Found 2 design units, including 1 entities, in source file blococontrole_sad.vhd
    Info (12022): Found design unit 1: blococontrole_sad-archbehav File: /home/rafael/Documents/qt/sd_sad/blococontrole_sad.vhd Line: 17
    Info (12023): Found entity 1: blococontrole_sad File: /home/rafael/Documents/qt/sd_sad/blococontrole_sad.vhd Line: 4
Info (12021): Found 2 design units, including 1 entities, in source file addersubtractor.vhd
    Info (12022): Found design unit 1: addersubtractor-arch1 File: /home/rafael/Documents/qt/sd_sad/addersubtractor.vhd Line: 14
    Info (12023): Found entity 1: addersubtractor File: /home/rafael/Documents/qt/sd_sad/addersubtractor.vhd Line: 4
Info (12021): Found 2 design units, including 1 entities, in source file fulladder1bit.vhd
    Info (12022): Found design unit 1: fulladder1bit-arch1 File: /home/rafael/Documents/qt/sd_sad/fulladder1bit.vhd Line: 16
    Info (12023): Found entity 1: fulladder1bit File: /home/rafael/Documents/qt/sd_sad/fulladder1bit.vhd Line: 8
Info (12021): Found 2 design units, including 1 entities, in source file memoriaRAM.vhd
    Info (12022): Found design unit 1: memoriaram-SYN File: /home/rafael/Documents/qt/sd_sad/memoriaRAM.vhd Line: 59
    Info (12023): Found entity 1: memoriaRAM File: /home/rafael/Documents/qt/sd_sad/memoriaRAM.vhd Line: 43
Info (12021): Found 2 design units, including 1 entities, in source file absN.vhd
    Info (12022): Found design unit 1: absN-behav0 File: /home/rafael/Documents/qt/sd_sad/absN.vhd Line: 11
    Info (12023): Found entity 1: absN File: /home/rafael/Documents/qt/sd_sad/absN.vhd Line: 5
Info (12127): Elaborating entity "sd_sad" for the top level hierarchy
Info (12128): Elaborating entity "blocooperativo_sad" for hierarchy "blocooperativo_sad:bo" File: /home/rafael/Documents/qt/sd_sad/sd_sad.vhd Line: 43
Warning (10036): Verilog HDL or VHDL warning at blocooperativo_sad.vhd(64): object "input_absol" assigned a value but never read File: /home/rafael/Documents/qt/sd_sad/blocooperativo_sad.vhd Line: 64
Info (12128): Elaborating entity "multiplexer2x1" for hierarchy "blocooperativo_sad:bo|multiplexer2x1:mux0" File: /home/rafael/Documents/qt/sd_sad/blocooperativo_sad.vhd Line: 95
Info (12128): Elaborating entity "registerN" for hierarchy "blocooperativo_sad:bo|registerN:reg_i" File: /home/rafael/Documents/qt/sd_sad/blocooperativo_sad.vhd Line: 98
Info (12128): Elaborating entity "addersubtractor" for hierarchy "blocooperativo_sad:bo|addersubtractor:adder0" File: /home/rafael/Documents/qt/sd_sad/blocooperativo_sad.vhd Line: 102
Warning (10541): VHDL Signal Declaration warning at addersubtractor.vhd(11): used implicit default value for signal "ovf" because signal was never assigned a value or an explicit default value. Use of implicit default value may introduce unintended design optimizations. File: /home/rafael/Documents/qt/sd_sad/addersubtractor.vhd Line: 11
Info (12128): Elaborating entity "fulladder1bit" for hierarchy "blocooperativo_sad:bo|addersubtractor:adder0|fulladder1bit:\gera:5:fa" File: /home/rafael/Documents/qt/sd_sad/addersubtractor.vhd Line: 27
Info (12128): Elaborating entity "registerN" for hierarchy "blocooperativo_sad:bo|registerN:reg_pA" File: /home/rafael/Documents/qt/sd_sad/blocooperativo_sad.vhd Line: 106
Info (12128): Elaborating entity "addersubtractor" for hierarchy "blocooperativo_sad:bo|addersubtractor:subtractor" File: /home/rafael/Documents/qt/sd_sad/blocooperativo_sad.vhd Line: 112
Warning (10541): VHDL Signal Declaration warning at addersubtractor.vhd(11): used implicit default value for signal "ovf" because signal was never assigned a value or an explicit default value. Use of implicit default value may introduce unintended design optimizations. File: /home/rafael/Documents/qt/sd_sad/addersubtractor.vhd Line: 11
Info (12128): Elaborating entity "absN" for hierarchy "blocooperativo_sad:bo|absN:absoluto" File: /home/rafael/Documents/qt/sd_sad/blocooperativo_sad.vhd Line: 116
Info (12128): Elaborating entity "addersubtractor" for hierarchy "blocooperativo_sad:bo|addersubtractor:adder1" File: /home/rafael/Documents/qt/sd_sad/blocooperativo_sad.vhd Line: 120
Warning (10541): VHDL Signal Declaration warning at addersubtractor.vhd(11): used implicit default value for signal "ovf" because signal was never assigned a value or an explicit default value. Use of implicit default value may introduce unintended design optimizations. File: /home/rafael/Documents/qt/sd_sad/addersubtractor.vhd Line: 11
Info (12128): Elaborating entity "multiplexer2x1" for hierarchy "blocooperativo_sad:bo|multiplexer2x1:mux1" File: /home/rafael/Documents/qt/sd_sad/blocooperativo_sad.vhd Line: 123
Info (12128): Elaborating entity "registerN" for hierarchy "blocooperativo_sad:bo|registerN:soma" File: /home/rafael/Documents/qt/sd_sad/blocooperativo_sad.vhd Line: 126
Info (12128): Elaborating entity "blococontrole_sad" for hierarchy "blococontrole_sad:bc" File: /home/rafael/Documents/qt/sd_sad/sd_sad.vhd Line: 49
Warning (10541): VHDL Signal Declaration warning at blococontrole_sad.vhd(11): used implicit default value for signal "readmem" because signal was never assigned a value or an explicit default value. Use of implicit default value may introduce unintended design optimizations. File: /home/rafael/Documents/qt/sd_sad/blococontrole_sad.vhd Line: 11
Warning (13024): Output pins are stuck at VCC or GND
    Warning (13410): Pin "readmem" is stuck at GND File: /home/rafael/Documents/qt/sd_sad/sd_sad.vhd Line: 15
Info (286030): Timing-Driven Synthesis is running
Info (16010): Generating hard_block partition "hard_block:auto_generated_inst"
    Info (16011): Adding 0 node(s), including 0 DDIO, 0 PLL, 0 transceiver and 0 LCELL
Info (21057): Implemented 146 device resources after synthesis - the final resource count might be different
    Info (21058): Implemented 19 input pins
    Info (21059): Implemented 22 output pins
    Info (21061): Implemented 105 logic cells
Info: Quartus Prime Analysis & Synthesis was successful. 0 errors, 8 warnings
    Info: Peak virtual memory: 430 megabytes
    Info: Processing ended: Wed Aug 18 16:40:27 2021
    Info: Elapsed time: 00:00:09
    Info: Total CPU time (on all processors): 00:00:23


